<?xml version="1.0" encoding="UTF-8"?>
<!-- Generated by org.testng.reporters.JUnitReportReporter -->
<testsuite hostname="LAPTOP-5NCOMTR9" failures="0" tests="1" name="cucumberOptions.TestNGRunner" time="10.560" errors="0" timestamp="2024-03-19T14:03:40 IST" skipped="0">
  <testcase classname="cucumberOptions.TestNGRunner" name="runScenario" time="10.560"/>
  <system-out/>
</testsuite> <!-- cucumberOptions.TestNGRunner -->
